<?xml version="1.0" encoding="UTF-8"?>
<!-- Generated by org.testng.reporters.JUnitReportReporter -->
<testsuite hostname="DESKTOP-O0B7UU6" failures="0" tests="2" name="TestRunner.CucumberTestRunnerForTags" time="0.132" errors="0" timestamp="2025-11-19T23:25:35 IST" skipped="0">
  <testcase classname="TestRunner.CucumberTestRunnerForTags" name="runScenario" time="0.127"/>
  <testcase classname="TestRunner.CucumberTestRunnerForTags" name="runScenario" time="0.005"/>
</testsuite> <!-- TestRunner.CucumberTestRunnerForTags -->
